{"uid":"87839213a43d77b4","name":"Расчет случайного кейса","fullName":"tests.test_calculation_constructor.TestCalculationConstructor#test_calculation","historyId":"84a8ff3e4ba7bc57ea13d5b0419ccf6f","time":{"start":1676607654930,"stop":1676607654930,"duration":0},"description":"Тест запустил - Данил Подольный \nСтенд, на котором запускался тест - http://genrestest.nntc.pro/economics/","descriptionHtml":"<p>Тест запустил - Данил Подольный<br />\nСтенд, на котором запускался тест - http://genrestest.nntc.pro/economics/</p>\n","status":"broken","statusMessage":"selenium.common.exceptions.NoSuchWindowException: Message: no such window: target window already closed\nfrom unknown error: web view not found\n  (Session info: chrome=109.0.5414.120)\nStacktrace:\nBacktrace:\n\t(No symbol) [0x00586643]\n\t(No symbol) [0x0051BE21]\n\t(No symbol) [0x0041DA9D]\n\t(No symbol) [0x003FEF6A]\n\t(No symbol) [0x00473AAB]\n\t(No symbol) [0x004861B6]\n\t(No symbol) [0x0046FB76]\n\t(No symbol) [0x004449C1]\n\t(No symbol) [0x00445E5D]\n\tGetHandleVerifier [0x007FA142+2497106]\n\tGetHandleVerifier [0x008285D3+2686691]\n\tGetHandleVerifier [0x0082BB9C+2700460]\n\tGetHandleVerifier [0x00633B10+635936]\n\t(No symbol) [0x00524A1F]\n\t(No symbol) [0x0052A418]\n\t(No symbol) [0x0052A505]\n\t(No symbol) [0x0053508B]\n\tBaseThreadInitThunk [0x76F900F9+25]\n\tRtlGetAppContainerNamedObjectPath [0x77C07BBE+286]\n\tRtlGetAppContainerNamedObjectPath [0x77C07B8E+238]","statusTrace":"driver = <selenium.webdriver.chrome.webdriver.WebDriver (session=\"71460541eb382883de106fa99bad96fa\")>\nstand = 'http://genrestest.nntc.pro/economics/'\n\n    @pytest.fixture()\n    def sign_in_to_stand(driver, stand=current_stand):\n        sign_in_page = SignInPage(driver, stand)\n        sign_in_page.open()\n>       sign_in_page.keycloak_authorization()\n\n..\\conftest.py:65: \n_ _ _ _ _ _ _ _ _ _ _ _ _ _ _ _ _ _ _ _ _ _ _ _ _ _ _ _ _ _ _ _ _ _ _ _ _ _ _ _\n..\\pages\\sign_in_page.py:20: in keycloak_authorization\n    self.click_on_visible_element(self.SIGN_IN_BUTTON)\n..\\pages\\base_page.py:56: in click_on_visible_element\n    element = Wait(self.driver, 5).until((ec.visibility_of_element_located(locator)))\n..\\..\\..\\..\\AppData\\Local\\pypoetry\\Cache\\virtualenvs\\iifa-economics-auto-tests-v-0-3-eUzg4zEH-py3.11\\Lib\\site-packages\\selenium\\webdriver\\support\\wait.py:86: in until\n    value = method(self._driver)\n..\\..\\..\\..\\AppData\\Local\\pypoetry\\Cache\\virtualenvs\\iifa-economics-auto-tests-v-0-3-eUzg4zEH-py3.11\\Lib\\site-packages\\selenium\\webdriver\\support\\expected_conditions.py:139: in _predicate\n    return _element_if_visible(driver.find_element(*locator))\n..\\..\\..\\..\\AppData\\Local\\pypoetry\\Cache\\virtualenvs\\iifa-economics-auto-tests-v-0-3-eUzg4zEH-py3.11\\Lib\\site-packages\\selenium\\webdriver\\remote\\webdriver.py:830: in find_element\n    return self.execute(Command.FIND_ELEMENT, {\"using\": by, \"value\": value})[\"value\"]\n..\\..\\..\\..\\AppData\\Local\\pypoetry\\Cache\\virtualenvs\\iifa-economics-auto-tests-v-0-3-eUzg4zEH-py3.11\\Lib\\site-packages\\selenium\\webdriver\\remote\\webdriver.py:440: in execute\n    self.error_handler.check_response(response)\n_ _ _ _ _ _ _ _ _ _ _ _ _ _ _ _ _ _ _ _ _ _ _ _ _ _ _ _ _ _ _ _ _ _ _ _ _ _ _ _\n\nself = <selenium.webdriver.remote.errorhandler.ErrorHandler object at 0x00000217E7004F10>\nresponse = {'status': 404, 'value': '{\"value\":{\"error\":\"no such window\",\"message\":\"no such window: target window already closed\\\\...\\n\\\\tRtlGetAppContainerNamedObjectPath [0x77C07BBE+286]\\\\n\\\\tRtlGetAppContainerNamedObjectPath [0x77C07B8E+238]\\\\n\"}}'}\n\n    def check_response(self, response: Dict[str, Any]) -> None:\n        \"\"\"Checks that a JSON response from the WebDriver does not have an\n        error.\n    \n        :Args:\n         - response - The JSON response from the WebDriver server as a dictionary\n           object.\n    \n        :Raises: If the response contains an error message.\n        \"\"\"\n        status = response.get(\"status\", None)\n        if not status or status == ErrorCode.SUCCESS:\n            return\n        value = None\n        message = response.get(\"message\", \"\")\n        screen: str = response.get(\"screen\", \"\")\n        stacktrace = None\n        if isinstance(status, int):\n            value_json = response.get(\"value\", None)\n            if value_json and isinstance(value_json, str):\n                import json\n    \n                try:\n                    value = json.loads(value_json)\n                    if len(value.keys()) == 1:\n                        value = value[\"value\"]\n                    status = value.get(\"error\", None)\n                    if not status:\n                        status = value.get(\"status\", ErrorCode.UNKNOWN_ERROR)\n                        message = value.get(\"value\") or value.get(\"message\")\n                        if not isinstance(message, str):\n                            value = message\n                            message = message.get(\"message\")\n                    else:\n                        message = value.get(\"message\", None)\n                except ValueError:\n                    pass\n    \n        exception_class: Type[WebDriverException]\n        if status in ErrorCode.NO_SUCH_ELEMENT:\n            exception_class = NoSuchElementException\n        elif status in ErrorCode.NO_SUCH_FRAME:\n            exception_class = NoSuchFrameException\n        elif status in ErrorCode.NO_SUCH_SHADOW_ROOT:\n            exception_class = NoSuchShadowRootException\n        elif status in ErrorCode.NO_SUCH_WINDOW:\n            exception_class = NoSuchWindowException\n        elif status in ErrorCode.STALE_ELEMENT_REFERENCE:\n            exception_class = StaleElementReferenceException\n        elif status in ErrorCode.ELEMENT_NOT_VISIBLE:\n            exception_class = ElementNotVisibleException\n        elif status in ErrorCode.INVALID_ELEMENT_STATE:\n            exception_class = InvalidElementStateException\n        elif (\n            status in ErrorCode.INVALID_SELECTOR\n            or status in ErrorCode.INVALID_XPATH_SELECTOR\n            or status in ErrorCode.INVALID_XPATH_SELECTOR_RETURN_TYPER\n        ):\n            exception_class = InvalidSelectorException\n        elif status in ErrorCode.ELEMENT_IS_NOT_SELECTABLE:\n            exception_class = ElementNotSelectableException\n        elif status in ErrorCode.ELEMENT_NOT_INTERACTABLE:\n            exception_class = ElementNotInteractableException\n        elif status in ErrorCode.INVALID_COOKIE_DOMAIN:\n            exception_class = InvalidCookieDomainException\n        elif status in ErrorCode.UNABLE_TO_SET_COOKIE:\n            exception_class = UnableToSetCookieException\n        elif status in ErrorCode.TIMEOUT:\n            exception_class = TimeoutException\n        elif status in ErrorCode.SCRIPT_TIMEOUT:\n            exception_class = TimeoutException\n        elif status in ErrorCode.UNKNOWN_ERROR:\n            exception_class = WebDriverException\n        elif status in ErrorCode.UNEXPECTED_ALERT_OPEN:\n            exception_class = UnexpectedAlertPresentException\n        elif status in ErrorCode.NO_ALERT_OPEN:\n            exception_class = NoAlertPresentException\n        elif status in ErrorCode.IME_NOT_AVAILABLE:\n            exception_class = ImeNotAvailableException\n        elif status in ErrorCode.IME_ENGINE_ACTIVATION_FAILED:\n            exception_class = ImeActivationFailedException\n        elif status in ErrorCode.MOVE_TARGET_OUT_OF_BOUNDS:\n            exception_class = MoveTargetOutOfBoundsException\n        elif status in ErrorCode.JAVASCRIPT_ERROR:\n            exception_class = JavascriptException\n        elif status in ErrorCode.SESSION_NOT_CREATED:\n            exception_class = SessionNotCreatedException\n        elif status in ErrorCode.INVALID_ARGUMENT:\n            exception_class = InvalidArgumentException\n        elif status in ErrorCode.NO_SUCH_COOKIE:\n            exception_class = NoSuchCookieException\n        elif status in ErrorCode.UNABLE_TO_CAPTURE_SCREEN:\n            exception_class = ScreenshotException\n        elif status in ErrorCode.ELEMENT_CLICK_INTERCEPTED:\n            exception_class = ElementClickInterceptedException\n        elif status in ErrorCode.INSECURE_CERTIFICATE:\n            exception_class = InsecureCertificateException\n        elif status in ErrorCode.INVALID_COORDINATES:\n            exception_class = InvalidCoordinatesException\n        elif status in ErrorCode.INVALID_SESSION_ID:\n            exception_class = InvalidSessionIdException\n        elif status in ErrorCode.UNKNOWN_METHOD:\n            exception_class = UnknownMethodException\n        else:\n            exception_class = WebDriverException\n        if not value:\n            value = response[\"value\"]\n        if isinstance(value, str):\n            raise exception_class(value)\n        if message == \"\" and \"message\" in value:\n            message = value[\"message\"]\n    \n        screen = None  # type: ignore[assignment]\n        if \"screen\" in value:\n            screen = value[\"screen\"]\n    \n        stacktrace = None\n        st_value = value.get(\"stackTrace\") or value.get(\"stacktrace\")\n        if st_value:\n            if isinstance(st_value, str):\n                stacktrace = st_value.split(\"\\n\")\n            else:\n                stacktrace = []\n                try:\n                    for frame in st_value:\n                        line = frame.get(\"lineNumber\", \"\")\n                        file = frame.get(\"fileName\", \"<anonymous>\")\n                        if line:\n                            file = f\"{file}:{line}\"\n                        meth = frame.get(\"methodName\", \"<anonymous>\")\n                        if \"className\" in frame:\n                            meth = f\"{frame['className']}.{meth}\"\n                        msg = \"    at %s (%s)\"\n                        msg = msg % (meth, file)\n                        stacktrace.append(msg)\n                except TypeError:\n                    pass\n        if exception_class == UnexpectedAlertPresentException:\n            alert_text = None\n            if \"data\" in value:\n                alert_text = value[\"data\"].get(\"text\")\n            elif \"alert\" in value:\n                alert_text = value[\"alert\"].get(\"text\")\n            raise exception_class(message, screen, stacktrace, alert_text)  # type: ignore[call-arg]  # mypy is not smart enough here\n>       raise exception_class(message, screen, stacktrace)\nE       selenium.common.exceptions.NoSuchWindowException: Message: no such window: target window already closed\nE       from unknown error: web view not found\nE         (Session info: chrome=109.0.5414.120)\nE       Stacktrace:\nE       Backtrace:\nE       \t(No symbol) [0x00586643]\nE       \t(No symbol) [0x0051BE21]\nE       \t(No symbol) [0x0041DA9D]\nE       \t(No symbol) [0x003FEF6A]\nE       \t(No symbol) [0x00473AAB]\nE       \t(No symbol) [0x004861B6]\nE       \t(No symbol) [0x0046FB76]\nE       \t(No symbol) [0x004449C1]\nE       \t(No symbol) [0x00445E5D]\nE       \tGetHandleVerifier [0x007FA142+2497106]\nE       \tGetHandleVerifier [0x008285D3+2686691]\nE       \tGetHandleVerifier [0x0082BB9C+2700460]\nE       \tGetHandleVerifier [0x00633B10+635936]\nE       \t(No symbol) [0x00524A1F]\nE       \t(No symbol) [0x0052A418]\nE       \t(No symbol) [0x0052A505]\nE       \t(No symbol) [0x0053508B]\nE       \tBaseThreadInitThunk [0x76F900F9+25]\nE       \tRtlGetAppContainerNamedObjectPath [0x77C07BBE+286]\nE       \tRtlGetAppContainerNamedObjectPath [0x77C07B8E+238]\n\n..\\..\\..\\..\\AppData\\Local\\pypoetry\\Cache\\virtualenvs\\iifa-economics-auto-tests-v-0-3-eUzg4zEH-py3.11\\Lib\\site-packages\\selenium\\webdriver\\remote\\errorhandler.py:245: NoSuchWindowException","flaky":false,"newFailed":false,"newBroken":false,"newPassed":false,"retriesCount":0,"retriesStatusChange":false,"beforeStages":[{"name":"test_append_report_history","time":{"start":1676607654945,"stop":1676607654946,"duration":1},"status":"passed","steps":[],"attachments":[],"parameters":[],"shouldDisplayMessage":false,"attachmentsCount":0,"stepsCount":0,"hasContent":false},{"name":"driver","time":{"start":1676607654947,"stop":1676607761839,"duration":106892},"status":"passed","steps":[],"attachments":[],"parameters":[],"shouldDisplayMessage":false,"attachmentsCount":0,"stepsCount":0,"hasContent":false},{"name":"sign_in_to_stand","time":{"start":1676607761839,"stop":1676607791994,"duration":30155},"status":"broken","statusMessage":"selenium.common.exceptions.NoSuchWindowException: Message: no such window: target window already closed\nfrom unknown error: web view not found\n  (Session info: chrome=109.0.5414.120)\nStacktrace:\nBacktrace:\n\t(No symbol) [0x00586643]\n\t(No symbol) [0x0051BE21]\n\t(No symbol) [0x0041DA9D]\n\t(No symbol) [0x003FEF6A]\n\t(No symbol) [0x00473AAB]\n\t(No symbol) [0x004861B6]\n\t(No symbol) [0x0046FB76]\n\t(No symbol) [0x004449C1]\n\t(No symbol) [0x00445E5D]\n\tGetHandleVerifier [0x007FA142+2497106]\n\tGetHandleVerifier [0x008285D3+2686691]\n\tGetHandleVerifier [0x0082BB9C+2700460]\n\tGetHandleVerifier [0x00633B10+635936]\n\t(No symbol) [0x00524A1F]\n\t(No symbol) [0x0052A418]\n\t(No symbol) [0x0052A505]\n\t(No symbol) [0x0053508B]\n\tBaseThreadInitThunk [0x76F900F9+25]\n\tRtlGetAppContainerNamedObjectPath [0x77C07BBE+286]\n\tRtlGetAppContainerNamedObjectPath [0x77C07B8E+238]\n\n","statusTrace":"  File \"C:\\Users\\dpodolny\\AppData\\Local\\pypoetry\\Cache\\virtualenvs\\iifa-economics-auto-tests-v-0-3-eUzg4zEH-py3.11\\Lib\\site-packages\\pluggy\\_callers.py\", line 39, in _multicall\n    res = hook_impl.function(*args)\n          ^^^^^^^^^^^^^^^^^^^^^^^^^\n  File \"C:\\Users\\dpodolny\\AppData\\Local\\pypoetry\\Cache\\virtualenvs\\iifa-economics-auto-tests-v-0-3-eUzg4zEH-py3.11\\Lib\\site-packages\\_pytest\\fixtures.py\", line 1129, in pytest_fixture_setup\n    result = call_fixture_func(fixturefunc, request, kwargs)\n             ^^^^^^^^^^^^^^^^^^^^^^^^^^^^^^^^^^^^^^^^^^^^^^^\n  File \"C:\\Users\\dpodolny\\AppData\\Local\\pypoetry\\Cache\\virtualenvs\\iifa-economics-auto-tests-v-0-3-eUzg4zEH-py3.11\\Lib\\site-packages\\_pytest\\fixtures.py\", line 908, in call_fixture_func\n    fixture_result = fixturefunc(**kwargs)\n                     ^^^^^^^^^^^^^^^^^^^^^\n  File \"C:\\Users\\dpodolny\\PycharmProjects\\DatcyEstateAT_v.0.1\\IIFA_Economics_Auto-tests_v.0.3\\conftest.py\", line 65, in sign_in_to_stand\n    sign_in_page.keycloak_authorization()\n  File \"C:\\Users\\dpodolny\\PycharmProjects\\DatcyEstateAT_v.0.1\\IIFA_Economics_Auto-tests_v.0.3\\pages\\sign_in_page.py\", line 20, in keycloak_authorization\n    self.click_on_visible_element(self.SIGN_IN_BUTTON)\n  File \"C:\\Users\\dpodolny\\PycharmProjects\\DatcyEstateAT_v.0.1\\IIFA_Economics_Auto-tests_v.0.3\\pages\\base_page.py\", line 56, in click_on_visible_element\n    element = Wait(self.driver, 5).until((ec.visibility_of_element_located(locator)))\n              ^^^^^^^^^^^^^^^^^^^^^^^^^^^^^^^^^^^^^^^^^^^^^^^^^^^^^^^^^^^^^^^^^^^^^^^\n  File \"C:\\Users\\dpodolny\\AppData\\Local\\pypoetry\\Cache\\virtualenvs\\iifa-economics-auto-tests-v-0-3-eUzg4zEH-py3.11\\Lib\\site-packages\\selenium\\webdriver\\support\\wait.py\", line 86, in until\n    value = method(self._driver)\n            ^^^^^^^^^^^^^^^^^^^^\n  File \"C:\\Users\\dpodolny\\AppData\\Local\\pypoetry\\Cache\\virtualenvs\\iifa-economics-auto-tests-v-0-3-eUzg4zEH-py3.11\\Lib\\site-packages\\selenium\\webdriver\\support\\expected_conditions.py\", line 139, in _predicate\n    return _element_if_visible(driver.find_element(*locator))\n                               ^^^^^^^^^^^^^^^^^^^^^^^^^^^^^\n  File \"C:\\Users\\dpodolny\\AppData\\Local\\pypoetry\\Cache\\virtualenvs\\iifa-economics-auto-tests-v-0-3-eUzg4zEH-py3.11\\Lib\\site-packages\\selenium\\webdriver\\remote\\webdriver.py\", line 830, in find_element\n    return self.execute(Command.FIND_ELEMENT, {\"using\": by, \"value\": value})[\"value\"]\n           ^^^^^^^^^^^^^^^^^^^^^^^^^^^^^^^^^^^^^^^^^^^^^^^^^^^^^^^^^^^^^^^^^\n  File \"C:\\Users\\dpodolny\\AppData\\Local\\pypoetry\\Cache\\virtualenvs\\iifa-economics-auto-tests-v-0-3-eUzg4zEH-py3.11\\Lib\\site-packages\\selenium\\webdriver\\remote\\webdriver.py\", line 440, in execute\n    self.error_handler.check_response(response)\n  File \"C:\\Users\\dpodolny\\AppData\\Local\\pypoetry\\Cache\\virtualenvs\\iifa-economics-auto-tests-v-0-3-eUzg4zEH-py3.11\\Lib\\site-packages\\selenium\\webdriver\\remote\\errorhandler.py\", line 245, in check_response\n    raise exception_class(message, screen, stacktrace)\n","steps":[],"attachments":[],"parameters":[],"shouldDisplayMessage":true,"attachmentsCount":0,"stepsCount":0,"hasContent":true}],"afterStages":[{"name":"driver::0","time":{"start":1676607794967,"stop":1676607810462,"duration":15495},"status":"passed","steps":[],"attachments":[],"parameters":[],"shouldDisplayMessage":false,"attachmentsCount":0,"stepsCount":0,"hasContent":false}],"labels":[{"name":"severity","value":"blocker"},{"name":"feature","value":"Ядро расчетов, выгрузка отчета"},{"name":"story","value":"Выбор случайной МК, случайного кейса и расчет с первыми попавшимися макрой и ФЭМ. Переход в отчеты и скачивание файла."},{"name":"tag","value":"calculacion_constructor"},{"name":"parentSuite","value":"tests"},{"name":"suite","value":"test_calculation_constructor"},{"name":"subSuite","value":"TestCalculationConstructor"},{"name":"host","value":"C100119"},{"name":"thread","value":"14156-MainThread"},{"name":"framework","value":"pytest"},{"name":"language","value":"cpython3"},{"name":"package","value":"tests.test_calculation_constructor"},{"name":"resultFormat","value":"allure2"}],"parameters":[],"links":[],"hidden":true,"retry":true,"extra":{"categories":[],"tags":["calculacion_constructor"]},"source":"87839213a43d77b4.json","parameterValues":[]}